optim_35_75 Best/
optim_35_75 optim_35_75/
Start Optimization.
Begin bayesian optimization.
Evaluating 120 points.

            Iteration: 1
                best objective from this iteration:  1.794E+00
                best objective found thus far:       1.794E+00
                best model:
              
       K_S_20 : 0.1392716648
       C_C : 1.24567800391
       C_S_20 : 1.92322940887
       dK_S_300 : 0.0559791010641
       dC_S_600 : 0.643187780361
       dK_S_600 : 0.0848020124817
       K_C : 0.292661750197
       dC_S_300 : 0.997241088539
       RHO_C : 212.221935389

Updating metamodel and asking for points
Evaluating 10 points.

            Iteration: 2
                best objective from this iteration:  1.515E+00
                best objective found thus far:       1.515E+00
                best model:
              
       K_S_20 : 0.08
       C_C : 3.0
       C_S_20 : 1.74077023868
       dK_S_300 : 0.0
       dC_S_600 : 0.0
       dK_S_600 : 0.0
       K_C : 0.271838247659
       dC_S_300 : 1.0
       RHO_C : 100.0

Updating metamodel and asking for points
Evaluating 10 points.

            Iteration: 3
                best objective from this iteration:  1.247E+00
                best objective found thus far:       1.247E+00
                best model:
              
       K_S_20 : 0.08
       C_C : 1.0
       C_S_20 : 2.0
       dK_S_300 : 0.0
       dC_S_600 : 1.0
       dK_S_600 : 0.0
       K_C : 0.251984077841
       dC_S_300 : 1.0
       RHO_C : 231.094770668

Updating metamodel and asking for points
Evaluating 10 points.

            Iteration: 4
                best objective from this iteration:  9.173E-01
                best objective found thus far:       9.173E-01
                best model:
              
       K_S_20 : 0.4
       C_C : 3.0
       C_S_20 : 2.0
       dK_S_300 : 0.0
       dC_S_600 : 0.0
       dK_S_600 : 0.0
       K_C : 0.1
       dC_S_300 : 1.0
       RHO_C : 100.0

Updating metamodel and asking for points
Evaluating 10 points.

            Iteration: 5
                best objective from this iteration:  9.647E-01
                best objective found thus far:       9.173E-01
                best model:
              
       K_S_20 : 0.4
       C_C : 3.0
       C_S_20 : 2.0
       dK_S_300 : 0.0
       dC_S_600 : 0.0
       dK_S_600 : 0.0
       K_C : 0.1
       dC_S_300 : 1.0
       RHO_C : 100.0

Updating metamodel and asking for points
Evaluating 10 points.

            Iteration: 6
                best objective from this iteration:  9.471E-01
                best objective found thus far:       9.173E-01
                best model:
              
       K_S_20 : 0.4
       C_C : 3.0
       C_S_20 : 2.0
       dK_S_300 : 0.0
       dC_S_600 : 0.0
       dK_S_600 : 0.0
       K_C : 0.1
       dC_S_300 : 1.0
       RHO_C : 100.0

Updating metamodel and asking for points
Evaluating 10 points.

            Iteration: 7
                best objective from this iteration:  7.910E-01
                best objective found thus far:       7.910E-01
                best model:
              
       K_S_20 : 0.120828139784
       C_C : 1.8642364659
       C_S_20 : 1.98418534992
       dK_S_300 : 0.00650408955754
       dC_S_600 : 0.732985972069
       dK_S_600 : 0.307935680585
       K_C : 0.109313743539
       dC_S_300 : 0.907533037156
       RHO_C : 364.475865703

Updating metamodel and asking for points
Evaluating 10 points.

            Iteration: 8
                best objective from this iteration:  9.471E-01
                best objective found thus far:       7.910E-01
                best model:
              
       K_S_20 : 0.120828139784
       C_C : 1.8642364659
       C_S_20 : 1.98418534992
       dK_S_300 : 0.00650408955754
       dC_S_600 : 0.732985972069
       dK_S_600 : 0.307935680585
       K_C : 0.109313743539
       dC_S_300 : 0.907533037156
       RHO_C : 364.475865703

Updating metamodel and asking for points
Evaluating 10 points.

            Iteration: 9
                best objective from this iteration:  1.020E+00
                best objective found thus far:       7.910E-01
                best model:
              
       K_S_20 : 0.120828139784
       C_C : 1.8642364659
       C_S_20 : 1.98418534992
       dK_S_300 : 0.00650408955754
       dC_S_600 : 0.732985972069
       dK_S_600 : 0.307935680585
       K_C : 0.109313743539
       dC_S_300 : 0.907533037156
       RHO_C : 364.475865703

Updating metamodel and asking for points
