Start Optimization.
Begin bayesian optimization.
Evaluating 120 points.

            Iteration: 1
                best objective from this iteration:  2.881E+00
                best objective found thus far:       2.881E+00
                best model:
              
       C_C : 2.94644829598
       RHO_C : 114.964614383
       dK_S_600 : 0.14489109792
       K_C : 0.308005862565
       dC_S_300 : 0.968021825189
       dK_S_300 : 0.0420566828956
       C_S_20 : 1.56433909379
       K_S_20 : 0.169672185086
       dC_S_600 : 0.833973890759

Updating metamodel and asking for points
Evaluating 10 points.

            Iteration: 2
                best objective from this iteration:  1.414E+00
                best objective found thus far:       1.414E+00
                best model:
              
       C_C : 3.0
       RHO_C : 100.0
       dK_S_600 : 0.0
       K_C : 0.1
       dC_S_300 : 0.813593653811
       dK_S_300 : 0.0
       C_S_20 : 1.5577700352
       K_S_20 : 0.173914112503
       dC_S_600 : 1.0

Updating metamodel and asking for points
Evaluating 10 points.

            Iteration: 3
                best objective from this iteration:  1.709E+00
                best objective found thus far:       1.414E+00
                best model:
              
       C_C : 3.0
       RHO_C : 100.0
       dK_S_600 : 0.0
       K_C : 0.1
       dC_S_300 : 0.813593653811
       dK_S_300 : 0.0
       C_S_20 : 1.5577700352
       K_S_20 : 0.173914112503
       dC_S_600 : 1.0

Updating metamodel and asking for points
Evaluating 10 points.

            Iteration: 4
                best objective from this iteration:  1.448E+00
                best objective found thus far:       1.414E+00
                best model:
              
       C_C : 3.0
       RHO_C : 100.0
       dK_S_600 : 0.0
       K_C : 0.1
       dC_S_300 : 0.813593653811
       dK_S_300 : 0.0
       C_S_20 : 1.5577700352
       K_S_20 : 0.173914112503
       dC_S_600 : 1.0

Updating metamodel and asking for points
Evaluating 10 points.

            Iteration: 5
                best objective from this iteration:  1.088E+00
                best objective found thus far:       1.088E+00
                best model:
              
       C_C : 3.0
       RHO_C : 400.0
       dK_S_600 : 0.0
       K_C : 0.225975294327
       dC_S_300 : 1.0
       dK_S_300 : 0.0
       C_S_20 : 2.0
       K_S_20 : 0.08
       dC_S_600 : 1.0

Updating metamodel and asking for points
Evaluating 10 points.

            Iteration: 6
                best objective from this iteration:  7.481E-01
                best objective found thus far:       7.481E-01
                best model:
              
       C_C : 3.0
       RHO_C : 100.0
       dK_S_600 : 0.5
       K_C : 0.1
       dC_S_300 : 1.0
       dK_S_300 : 0.0
       C_S_20 : 1.34557380471
       K_S_20 : 0.111081959089
       dC_S_600 : 0.697161134576

Updating metamodel and asking for points
Evaluating 10 points.

            Iteration: 7
                best objective from this iteration:  1.065E+00
                best objective found thus far:       7.481E-01
                best model:
              
       C_C : 3.0
       RHO_C : 100.0
       dK_S_600 : 0.5
       K_C : 0.1
       dC_S_300 : 1.0
       dK_S_300 : 0.0
       C_S_20 : 1.34557380471
       K_S_20 : 0.111081959089
       dC_S_600 : 0.697161134576

Updating metamodel and asking for points
Evaluating 10 points.

            Iteration: 8
                best objective from this iteration:  9.195E-01
                best objective found thus far:       7.481E-01
                best model:
              
       C_C : 3.0
       RHO_C : 100.0
       dK_S_600 : 0.5
       K_C : 0.1
       dC_S_300 : 1.0
       dK_S_300 : 0.0
       C_S_20 : 1.34557380471
       K_S_20 : 0.111081959089
       dC_S_600 : 0.697161134576

Updating metamodel and asking for points
Evaluating 10 points.

            Iteration: 9
                best objective from this iteration:  1.213E+00
                best objective found thus far:       7.481E-01
                best model:
              
       C_C : 3.0
       RHO_C : 100.0
       dK_S_600 : 0.5
       K_C : 0.1
       dC_S_300 : 1.0
       dK_S_300 : 0.0
       C_S_20 : 1.34557380471
       K_S_20 : 0.111081959089
       dC_S_600 : 0.697161134576

Updating metamodel and asking for points
Evaluating 10 points.

            Iteration: 10
                best objective from this iteration:  1.122E+00
                best objective found thus far:       7.481E-01
                best model:
              
       C_C : 3.0
       RHO_C : 100.0
       dK_S_600 : 0.5
       K_C : 0.1
       dC_S_300 : 1.0
       dK_S_300 : 0.0
       C_S_20 : 1.34557380471
       K_S_20 : 0.111081959089
       dC_S_600 : 0.697161134576

Updating metamodel and asking for points
/home/tstopi/anaconda3/lib/python3.5/site-packages/skopt/optimizer/optimizer.py:399: UserWarning: The objective has been evaluated at this point before.
  warnings.warn("The objective has been evaluated "

Optimization finished. The best result found was:
C_C : 3.0
RHO_C : 100.0
dK_S_600 : 0.5
K_C : 0.1
dC_S_300 : 1.0
dK_S_300 : 0.0
C_S_20 : 1.34557380471
K_S_20 : 0.111081959089
dC_S_600 : 0.697161134576

Variable importance scores:
1.  K_S_20 : (0.381)
2.  dK_S_300 : (0.282)
3.  K_C : (0.098)
4.  C_S_20 : (0.087)
5.  dC_S_300 : (0.072)
6.  RHO_C : (0.036)
7.  dK_S_600 : (0.023)
8.  dC_S_600 : (0.013)
9.  C_C : (0.009)
Done
