Start Optimization.
Begin bayesian optimization.
Evaluating 120 points.

            Iteration: 1
                best objective from this iteration:  1.745E+00
                best objective found thus far:       1.745E+00
                best model:
              
       C_S_600 : 1.57489678441
       RHO_C : 101.649972755
       K_S_600 : 0.325103953189
       K_C : 0.121100828442
       C_C : 1.51306504653
       HOR : 358.51657287
       C_S_20 : 2.43692499671
       C_S_300 : 1.66859641051
       K_S_20 : 0.14629417543
       K_S_300 : 0.362767787282

Updating metamodel and asking for points
Evaluating 10 points.

            Iteration: 2
                best objective from this iteration:  1.897E+00
                best objective found thus far:       1.745E+00
                best model:
              
       C_S_600 : 1.57489678441
       RHO_C : 101.649972755
       K_S_600 : 0.325103953189
       K_C : 0.121100828442
       C_C : 1.51306504653
       HOR : 358.51657287
       C_S_20 : 2.43692499671
       C_S_300 : 1.66859641051
       K_S_20 : 0.14629417543
       K_S_300 : 0.362767787282

Updating metamodel and asking for points
Evaluating 10 points.

            Iteration: 3
                best objective from this iteration:  1.646E+00
                best objective found thus far:       1.646E+00
                best model:
              
       C_S_600 : 3.0
       RHO_C : 295.962070421
       K_S_600 : 0.22320059521
       K_C : 0.14170384608
       C_C : 3.0
       HOR : 486.302794835
       C_S_20 : 1.54336873593
       C_S_300 : 3.0
       K_S_20 : 0.1
       K_S_300 : 0.325716302558

Updating metamodel and asking for points
Evaluating 10 points.

            Iteration: 4
                best objective from this iteration:  1.660E+00
                best objective found thus far:       1.646E+00
                best model:
              
       C_S_600 : 3.0
       RHO_C : 295.962070421
       K_S_600 : 0.22320059521
       K_C : 0.14170384608
       C_C : 3.0
       HOR : 486.302794835
       C_S_20 : 1.54336873593
       C_S_300 : 3.0
       K_S_20 : 0.1
       K_S_300 : 0.325716302558

Updating metamodel and asking for points
Evaluating 10 points.

            Iteration: 5
                best objective from this iteration:  1.674E+00
                best objective found thus far:       1.646E+00
                best model:
              
       C_S_600 : 3.0
       RHO_C : 295.962070421
       K_S_600 : 0.22320059521
       K_C : 0.14170384608
       C_C : 3.0
       HOR : 486.302794835
       C_S_20 : 1.54336873593
       C_S_300 : 3.0
       K_S_20 : 0.1
       K_S_300 : 0.325716302558

Updating metamodel and asking for points
Evaluating 10 points.

            Iteration: 6
                best objective from this iteration:  1.738E+00
                best objective found thus far:       1.646E+00
                best model:
              
       C_S_600 : 3.0
       RHO_C : 295.962070421
       K_S_600 : 0.22320059521
       K_C : 0.14170384608
       C_C : 3.0
       HOR : 486.302794835
       C_S_20 : 1.54336873593
       C_S_300 : 3.0
       K_S_20 : 0.1
       K_S_300 : 0.325716302558

Updating metamodel and asking for points
Evaluating 10 points.

            Iteration: 7
                best objective from this iteration:  1.711E+00
                best objective found thus far:       1.646E+00
                best model:
              
       C_S_600 : 3.0
       RHO_C : 295.962070421
       K_S_600 : 0.22320059521
       K_C : 0.14170384608
       C_C : 3.0
       HOR : 486.302794835
       C_S_20 : 1.54336873593
       C_S_300 : 3.0
       K_S_20 : 0.1
       K_S_300 : 0.325716302558

Updating metamodel and asking for points
Evaluating 10 points.

            Iteration: 8
                best objective from this iteration:  1.636E+00
                best objective found thus far:       1.636E+00
                best model:
              
       C_S_600 : 3.0
       RHO_C : 100.0
       K_S_600 : 0.380143300582
       K_C : 0.223476769315
       C_C : 3.0
       HOR : 500.0
       C_S_20 : 3.0
       C_S_300 : 1.0
       K_S_20 : 0.1
       K_S_300 : 0.2

Updating metamodel and asking for points
Evaluating 10 points.

            Iteration: 9
                best objective from this iteration:  1.623E+00
                best objective found thus far:       1.623E+00
                best model:
              
       C_S_600 : 3.0
       RHO_C : 100.0
       K_S_600 : 0.428039252069
       K_C : 0.14923223528
       C_C : 3.0
       HOR : 418.375548611
       C_S_20 : 3.0
       C_S_300 : 1.0
       K_S_20 : 0.205256140906
       K_S_300 : 0.2

Updating metamodel and asking for points
slurmstepd: error: *** JOB 10791 ON compute-0-00 CANCELLED AT 2018-07-19T11:00:20 ***
